<?xml version="1.0" encoding="UTF-8"?>
<testsuite xmlns:xsi="http://www.w3.org/2001/XMLSchema-instance" xsi:noNamespaceSchemaLocation="https://maven.apache.org/surefire/maven-surefire-plugin/xsd/surefire-test-report-3.0.xsd" version="3.0" name="com.graphdb.GraphTraversalTest" time="1.546" tests="7" errors="0" skipped="0" failures="0">
  <properties>
[...]
</properties>
  <testcase name="testFindDevelopersByTeam" classname="com.graphdb.GraphTraversalTest" time="0.318">
    <system-err><![CDATA[[main] INFO com.graphdb.GraphTraversalTest - Setting up test data...
[main] INFO com.graphdb.connection.Neo4jConnection - Loaded properties from application.properties
[main] INFO com.graphdb.connection.Neo4jConnection - Connecting to Neo4j at bolt://localhost:7687
[main] INFO com.graphdb.repository.GraphRepository - Database cleared
[main] INFO com.graphdb.repository.GraphRepository - Created team: Backend Team
[main] INFO com.graphdb.repository.GraphRepository - Created team: Frontend Team
[main] INFO com.graphdb.repository.GraphRepository - Created developer: Alice
[main] INFO com.graphdb.repository.GraphRepository - Created developer: Bob
[main] INFO com.graphdb.repository.GraphRepository - Created developer: Carol
[main] INFO com.graphdb.repository.GraphRepository - Created developer: Dave
[main] INFO com.graphdb.repository.GraphRepository - Created skill: Java
[main] INFO com.graphdb.repository.GraphRepository - Created skill: Python
[main] INFO com.graphdb.repository.GraphRepository - Created skill: React
[main] INFO com.graphdb.repository.GraphRepository - Created skill: Neo4j
[main] INFO com.graphdb.repository.GraphRepository - Created defect: Login API fails
[main] INFO com.graphdb.repository.GraphRepository - Created defect: Database connection timeout
[main] INFO com.graphdb.repository.GraphRepository - Created defect: UI button misaligned
[main] INFO com.graphdb.repository.GraphRepository - Created defect: Performance issue in query
[main] INFO com.graphdb.repository.GraphRepository - Created defect: Memory leak in service
[main] INFO com.graphdb.repository.GraphRepository - Assigned skill skill1 to developer dev1
[main] INFO com.graphdb.repository.GraphRepository - Assigned skill skill2 to developer dev1
[main] INFO com.graphdb.repository.GraphRepository - Assigned skill skill1 to developer dev2
[main] INFO com.graphdb.repository.GraphRepository - Assigned skill skill4 to developer dev2
[main] INFO com.graphdb.repository.GraphRepository - Assigned skill skill3 to developer dev3
[main] INFO com.graphdb.repository.GraphRepository - Assigned skill skill3 to developer dev4
[main] INFO com.graphdb.repository.GraphRepository - Assigned skill skill2 to developer dev4
[main] INFO com.graphdb.repository.GraphRepository - Assigned defect defect1 to developer dev1
[main] INFO com.graphdb.repository.GraphRepository - Assigned defect defect2 to developer dev1
[main] INFO com.graphdb.repository.GraphRepository - Assigned defect defect3 to developer dev3
[main] INFO com.graphdb.repository.GraphRepository - Assigned defect defect4 to developer dev1
[main] INFO com.graphdb.repository.GraphRepository - Assigned defect defect5 to developer dev2
[main] INFO com.graphdb.repository.GraphRepository - Assigned developer dev1 to team team1
[main] INFO com.graphdb.repository.GraphRepository - Assigned developer dev2 to team team1
[main] INFO com.graphdb.repository.GraphRepository - Assigned developer dev3 to team team2
[main] INFO com.graphdb.repository.GraphRepository - Assigned developer dev4 to team team2
[main] INFO com.graphdb.GraphTraversalTest - Test data setup complete
[main] INFO com.graphdb.GraphTraversalTest - Running test: Find developers by team
[main] INFO com.graphdb.repository.GraphRepository - Found 2 developers in team Backend Team
[main] INFO com.graphdb.repository.GraphRepository - Found 2 developers in team Frontend Team
[main] INFO com.graphdb.GraphTraversalTest - Test passed: Found correct developers for each team
[main] INFO com.graphdb.GraphTraversalTest - Cleaning up test data...
[main] INFO com.graphdb.repository.GraphRepository - Database cleared
]]></system-err>
  </testcase>
  <testcase name="testFindDevelopersWithMostDefects" classname="com.graphdb.GraphTraversalTest" time="0.227">
    <system-err><![CDATA[[main] INFO com.graphdb.GraphTraversalTest - Setting up test data...
[main] INFO com.graphdb.repository.GraphRepository - Database cleared
[main] INFO com.graphdb.repository.GraphRepository - Created team: Backend Team
[main] INFO com.graphdb.repository.GraphRepository - Created team: Frontend Team
[main] INFO com.graphdb.repository.GraphRepository - Created developer: Alice
[main] INFO com.graphdb.repository.GraphRepository - Created developer: Bob
[main] INFO com.graphdb.repository.GraphRepository - Created developer: Carol
[main] INFO com.graphdb.repository.GraphRepository - Created developer: Dave
[main] INFO com.graphdb.repository.GraphRepository - Created skill: Java
[main] INFO com.graphdb.repository.GraphRepository - Created skill: Python
[main] INFO com.graphdb.repository.GraphRepository - Created skill: React
[main] INFO com.graphdb.repository.GraphRepository - Created skill: Neo4j
[main] INFO com.graphdb.repository.GraphRepository - Created defect: Login API fails
[main] INFO com.graphdb.repository.GraphRepository - Created defect: Database connection timeout
[main] INFO com.graphdb.repository.GraphRepository - Created defect: UI button misaligned
[main] INFO com.graphdb.repository.GraphRepository - Created defect: Performance issue in query
[main] INFO com.graphdb.repository.GraphRepository - Created defect: Memory leak in service
[main] INFO com.graphdb.repository.GraphRepository - Assigned skill skill1 to developer dev1
[main] INFO com.graphdb.repository.GraphRepository - Assigned skill skill2 to developer dev1
[main] INFO com.graphdb.repository.GraphRepository - Assigned skill skill1 to developer dev2
[main] INFO com.graphdb.repository.GraphRepository - Assigned skill skill4 to developer dev2
[main] INFO com.graphdb.repository.GraphRepository - Assigned skill skill3 to developer dev3
[main] INFO com.graphdb.repository.GraphRepository - Assigned skill skill3 to developer dev4
[main] INFO com.graphdb.repository.GraphRepository - Assigned skill skill2 to developer dev4
[main] INFO com.graphdb.repository.GraphRepository - Assigned defect defect1 to developer dev1
[main] INFO com.graphdb.repository.GraphRepository - Assigned defect defect2 to developer dev1
[main] INFO com.graphdb.repository.GraphRepository - Assigned defect defect3 to developer dev3
[main] INFO com.graphdb.repository.GraphRepository - Assigned defect defect4 to developer dev1
[main] INFO com.graphdb.repository.GraphRepository - Assigned defect defect5 to developer dev2
[main] INFO com.graphdb.repository.GraphRepository - Assigned developer dev1 to team team1
[main] INFO com.graphdb.repository.GraphRepository - Assigned developer dev2 to team team1
[main] INFO com.graphdb.repository.GraphRepository - Assigned developer dev3 to team team2
[main] INFO com.graphdb.repository.GraphRepository - Assigned developer dev4 to team team2
[main] INFO com.graphdb.GraphTraversalTest - Test data setup complete
[main] INFO com.graphdb.GraphTraversalTest - Running test: Find developers with most defects
[main] INFO com.graphdb.repository.GraphRepository - Ranked 3 developers by defect count
[main] INFO com.graphdb.GraphTraversalTest - Test passed: Developer defect counts are correct
[main] INFO com.graphdb.GraphTraversalTest - Cleaning up test data...
[main] INFO com.graphdb.repository.GraphRepository - Database cleared
]]></system-err>
  </testcase>
  <testcase name="testDetailedSkillBasedRecommendation" classname="com.graphdb.GraphTraversalTest" time="0.306">
    <system-err><![CDATA[[main] INFO com.graphdb.GraphTraversalTest - Setting up test data...
[main] INFO com.graphdb.repository.GraphRepository - Database cleared
[main] INFO com.graphdb.repository.GraphRepository - Created team: Backend Team
[main] INFO com.graphdb.repository.GraphRepository - Created team: Frontend Team
[main] INFO com.graphdb.repository.GraphRepository - Created developer: Alice
[main] INFO com.graphdb.repository.GraphRepository - Created developer: Bob
[main] INFO com.graphdb.repository.GraphRepository - Created developer: Carol
[main] INFO com.graphdb.repository.GraphRepository - Created developer: Dave
[main] INFO com.graphdb.repository.GraphRepository - Created skill: Java
[main] INFO com.graphdb.repository.GraphRepository - Created skill: Python
[main] INFO com.graphdb.repository.GraphRepository - Created skill: React
[main] INFO com.graphdb.repository.GraphRepository - Created skill: Neo4j
[main] INFO com.graphdb.repository.GraphRepository - Created defect: Login API fails
[main] INFO com.graphdb.repository.GraphRepository - Created defect: Database connection timeout
[main] INFO com.graphdb.repository.GraphRepository - Created defect: UI button misaligned
[main] INFO com.graphdb.repository.GraphRepository - Created defect: Performance issue in query
[main] INFO com.graphdb.repository.GraphRepository - Created defect: Memory leak in service
[main] INFO com.graphdb.repository.GraphRepository - Assigned skill skill1 to developer dev1
[main] INFO com.graphdb.repository.GraphRepository - Assigned skill skill2 to developer dev1
[main] INFO com.graphdb.repository.GraphRepository - Assigned skill skill1 to developer dev2
[main] INFO com.graphdb.repository.GraphRepository - Assigned skill skill4 to developer dev2
[main] INFO com.graphdb.repository.GraphRepository - Assigned skill skill3 to developer dev3
[main] INFO com.graphdb.repository.GraphRepository - Assigned skill skill3 to developer dev4
[main] INFO com.graphdb.repository.GraphRepository - Assigned skill skill2 to developer dev4
[main] INFO com.graphdb.repository.GraphRepository - Assigned defect defect1 to developer dev1
[main] INFO com.graphdb.repository.GraphRepository - Assigned defect defect2 to developer dev1
[main] INFO com.graphdb.repository.GraphRepository - Assigned defect defect3 to developer dev3
[main] INFO com.graphdb.repository.GraphRepository - Assigned defect defect4 to developer dev1
[main] INFO com.graphdb.repository.GraphRepository - Assigned defect defect5 to developer dev2
[main] INFO com.graphdb.repository.GraphRepository - Assigned developer dev1 to team team1
[main] INFO com.graphdb.repository.GraphRepository - Assigned developer dev2 to team team1
[main] INFO com.graphdb.repository.GraphRepository - Assigned developer dev3 to team team2
[main] INFO com.graphdb.repository.GraphRepository - Assigned developer dev4 to team team2
[main] INFO com.graphdb.GraphTraversalTest - Test data setup complete
[main] INFO com.graphdb.GraphTraversalTest - Running test: Detailed skill-based recommendation with workload
[main] INFO com.graphdb.repository.GraphRepository - Found 2 detailed developer recommendations for defect defect3
[main] INFO com.graphdb.GraphTraversalTest - Test passed: Detailed recommendations ranked correctly by skills and workload
[main] INFO com.graphdb.GraphTraversalTest - Recommendations: [Developer{name='Dave', matchingSkills=2, workload=0}, Developer{name='Alice', matchingSkills=1, workload=3}]
[main] INFO com.graphdb.GraphTraversalTest - Cleaning up test data...
[main] INFO com.graphdb.repository.GraphRepository - Database cleared
]]></system-err>
  </testcase>
  <testcase name="testSkillBasedRecommendation" classname="com.graphdb.GraphTraversalTest" time="0.166">
    <system-err><![CDATA[[main] INFO com.graphdb.GraphTraversalTest - Setting up test data...
[main] INFO com.graphdb.repository.GraphRepository - Database cleared
[main] INFO com.graphdb.repository.GraphRepository - Created team: Backend Team
[main] INFO com.graphdb.repository.GraphRepository - Created team: Frontend Team
[main] INFO com.graphdb.repository.GraphRepository - Created developer: Alice
[main] INFO com.graphdb.repository.GraphRepository - Created developer: Bob
[main] INFO com.graphdb.repository.GraphRepository - Created developer: Carol
[main] INFO com.graphdb.repository.GraphRepository - Created developer: Dave
[main] INFO com.graphdb.repository.GraphRepository - Created skill: Java
[main] INFO com.graphdb.repository.GraphRepository - Created skill: Python
[main] INFO com.graphdb.repository.GraphRepository - Created skill: React
[main] INFO com.graphdb.repository.GraphRepository - Created skill: Neo4j
[main] INFO com.graphdb.repository.GraphRepository - Created defect: Login API fails
[main] INFO com.graphdb.repository.GraphRepository - Created defect: Database connection timeout
[main] INFO com.graphdb.repository.GraphRepository - Created defect: UI button misaligned
[main] INFO com.graphdb.repository.GraphRepository - Created defect: Performance issue in query
[main] INFO com.graphdb.repository.GraphRepository - Created defect: Memory leak in service
[main] INFO com.graphdb.repository.GraphRepository - Assigned skill skill1 to developer dev1
[main] INFO com.graphdb.repository.GraphRepository - Assigned skill skill2 to developer dev1
[main] INFO com.graphdb.repository.GraphRepository - Assigned skill skill1 to developer dev2
[main] INFO com.graphdb.repository.GraphRepository - Assigned skill skill4 to developer dev2
[main] INFO com.graphdb.repository.GraphRepository - Assigned skill skill3 to developer dev3
[main] INFO com.graphdb.repository.GraphRepository - Assigned skill skill3 to developer dev4
[main] INFO com.graphdb.repository.GraphRepository - Assigned skill skill2 to developer dev4
[main] INFO com.graphdb.repository.GraphRepository - Assigned defect defect1 to developer dev1
[main] INFO com.graphdb.repository.GraphRepository - Assigned defect defect2 to developer dev1
[main] INFO com.graphdb.repository.GraphRepository - Assigned defect defect3 to developer dev3
[main] INFO com.graphdb.repository.GraphRepository - Assigned defect defect4 to developer dev1
[main] INFO com.graphdb.repository.GraphRepository - Assigned defect defect5 to developer dev2
[main] INFO com.graphdb.repository.GraphRepository - Assigned developer dev1 to team team1
[main] INFO com.graphdb.repository.GraphRepository - Assigned developer dev2 to team team1
[main] INFO com.graphdb.repository.GraphRepository - Assigned developer dev3 to team team2
[main] INFO com.graphdb.repository.GraphRepository - Assigned developer dev4 to team team2
[main] INFO com.graphdb.GraphTraversalTest - Test data setup complete
[main] INFO com.graphdb.GraphTraversalTest - Running test: Skill-based developer recommendation
[main] INFO com.graphdb.repository.GraphRepository - Found 1 developer recommendations for defect defect2
[main] INFO com.graphdb.GraphTraversalTest - Test passed: Bob recommended for defect2 with 2 matching skills
[main] INFO com.graphdb.repository.GraphRepository - Found 2 developer recommendations for defect defect3
[main] INFO com.graphdb.GraphTraversalTest - Test passed: Dave and Alice recommended for defect3
[main] INFO com.graphdb.GraphTraversalTest - Cleaning up test data...
[main] INFO com.graphdb.repository.GraphRepository - Database cleared
]]></system-err>
  </testcase>
  <testcase name="testFindDefectsForDeveloper" classname="com.graphdb.GraphTraversalTest" time="0.166">
    <system-err><![CDATA[[main] INFO com.graphdb.GraphTraversalTest - Setting up test data...
[main] INFO com.graphdb.repository.GraphRepository - Database cleared
[main] INFO com.graphdb.repository.GraphRepository - Created team: Backend Team
[main] INFO com.graphdb.repository.GraphRepository - Created team: Frontend Team
[main] INFO com.graphdb.repository.GraphRepository - Created developer: Alice
[main] INFO com.graphdb.repository.GraphRepository - Created developer: Bob
[main] INFO com.graphdb.repository.GraphRepository - Created developer: Carol
[main] INFO com.graphdb.repository.GraphRepository - Created developer: Dave
[main] INFO com.graphdb.repository.GraphRepository - Created skill: Java
[main] INFO com.graphdb.repository.GraphRepository - Created skill: Python
[main] INFO com.graphdb.repository.GraphRepository - Created skill: React
[main] INFO com.graphdb.repository.GraphRepository - Created skill: Neo4j
[main] INFO com.graphdb.repository.GraphRepository - Created defect: Login API fails
[main] INFO com.graphdb.repository.GraphRepository - Created defect: Database connection timeout
[main] INFO com.graphdb.repository.GraphRepository - Created defect: UI button misaligned
[main] INFO com.graphdb.repository.GraphRepository - Created defect: Performance issue in query
[main] INFO com.graphdb.repository.GraphRepository - Created defect: Memory leak in service
[main] INFO com.graphdb.repository.GraphRepository - Assigned skill skill1 to developer dev1
[main] INFO com.graphdb.repository.GraphRepository - Assigned skill skill2 to developer dev1
[main] INFO com.graphdb.repository.GraphRepository - Assigned skill skill1 to developer dev2
[main] INFO com.graphdb.repository.GraphRepository - Assigned skill skill4 to developer dev2
[main] INFO com.graphdb.repository.GraphRepository - Assigned skill skill3 to developer dev3
[main] INFO com.graphdb.repository.GraphRepository - Assigned skill skill3 to developer dev4
[main] INFO com.graphdb.repository.GraphRepository - Assigned skill skill2 to developer dev4
[main] INFO com.graphdb.repository.GraphRepository - Assigned defect defect1 to developer dev1
[main] INFO com.graphdb.repository.GraphRepository - Assigned defect defect2 to developer dev1
[main] INFO com.graphdb.repository.GraphRepository - Assigned defect defect3 to developer dev3
[main] INFO com.graphdb.repository.GraphRepository - Assigned defect defect4 to developer dev1
[main] INFO com.graphdb.repository.GraphRepository - Assigned defect defect5 to developer dev2
[main] INFO com.graphdb.repository.GraphRepository - Assigned developer dev1 to team team1
[main] INFO com.graphdb.repository.GraphRepository - Assigned developer dev2 to team team1
[main] INFO com.graphdb.repository.GraphRepository - Assigned developer dev3 to team team2
[main] INFO com.graphdb.repository.GraphRepository - Assigned developer dev4 to team team2
[main] INFO com.graphdb.GraphTraversalTest - Test data setup complete
[main] INFO com.graphdb.GraphTraversalTest - Running test: Find defects for developer
[main] INFO com.graphdb.repository.GraphRepository - Found 3 defects for developer Alice
[main] INFO com.graphdb.repository.GraphRepository - Found 1 defects for developer Bob
[main] INFO com.graphdb.GraphTraversalTest - Test passed: Found correct defects for each developer
[main] INFO com.graphdb.GraphTraversalTest - Cleaning up test data...
[main] INFO com.graphdb.repository.GraphRepository - Database cleared
]]></system-err>
  </testcase>
  <testcase name="testFindAllSkillsInTeam" classname="com.graphdb.GraphTraversalTest" time="0.193">
    <system-err><![CDATA[[main] INFO com.graphdb.GraphTraversalTest - Setting up test data...
[main] INFO com.graphdb.repository.GraphRepository - Database cleared
[main] INFO com.graphdb.repository.GraphRepository - Created team: Backend Team
[main] INFO com.graphdb.repository.GraphRepository - Created team: Frontend Team
[main] INFO com.graphdb.repository.GraphRepository - Created developer: Alice
[main] INFO com.graphdb.repository.GraphRepository - Created developer: Bob
[main] INFO com.graphdb.repository.GraphRepository - Created developer: Carol
[main] INFO com.graphdb.repository.GraphRepository - Created developer: Dave
[main] INFO com.graphdb.repository.GraphRepository - Created skill: Java
[main] INFO com.graphdb.repository.GraphRepository - Created skill: Python
[main] INFO com.graphdb.repository.GraphRepository - Created skill: React
[main] INFO com.graphdb.repository.GraphRepository - Created skill: Neo4j
[main] INFO com.graphdb.repository.GraphRepository - Created defect: Login API fails
[main] INFO com.graphdb.repository.GraphRepository - Created defect: Database connection timeout
[main] INFO com.graphdb.repository.GraphRepository - Created defect: UI button misaligned
[main] INFO com.graphdb.repository.GraphRepository - Created defect: Performance issue in query
[main] INFO com.graphdb.repository.GraphRepository - Created defect: Memory leak in service
[main] INFO com.graphdb.repository.GraphRepository - Assigned skill skill1 to developer dev1
[main] INFO com.graphdb.repository.GraphRepository - Assigned skill skill2 to developer dev1
[main] INFO com.graphdb.repository.GraphRepository - Assigned skill skill1 to developer dev2
[main] INFO com.graphdb.repository.GraphRepository - Assigned skill skill4 to developer dev2
[main] INFO com.graphdb.repository.GraphRepository - Assigned skill skill3 to developer dev3
[main] INFO com.graphdb.repository.GraphRepository - Assigned skill skill3 to developer dev4
[main] INFO com.graphdb.repository.GraphRepository - Assigned skill skill2 to developer dev4
[main] INFO com.graphdb.repository.GraphRepository - Assigned defect defect1 to developer dev1
[main] INFO com.graphdb.repository.GraphRepository - Assigned defect defect2 to developer dev1
[main] INFO com.graphdb.repository.GraphRepository - Assigned defect defect3 to developer dev3
[main] INFO com.graphdb.repository.GraphRepository - Assigned defect defect4 to developer dev1
[main] INFO com.graphdb.repository.GraphRepository - Assigned defect defect5 to developer dev2
[main] INFO com.graphdb.repository.GraphRepository - Assigned developer dev1 to team team1
[main] INFO com.graphdb.repository.GraphRepository - Assigned developer dev2 to team team1
[main] INFO com.graphdb.repository.GraphRepository - Assigned developer dev3 to team team2
[main] INFO com.graphdb.repository.GraphRepository - Assigned developer dev4 to team team2
[main] INFO com.graphdb.GraphTraversalTest - Test data setup complete
[main] INFO com.graphdb.GraphTraversalTest - Running test: Find all skills in team
[main] INFO com.graphdb.repository.GraphRepository - Found 3 skills in team Backend Team
[main] INFO com.graphdb.repository.GraphRepository - Found 2 skills in team Frontend Team
[main] INFO com.graphdb.GraphTraversalTest - Test passed: Found all unique skills in each team
[main] INFO com.graphdb.GraphTraversalTest - Cleaning up test data...
[main] INFO com.graphdb.repository.GraphRepository - Database cleared
]]></system-err>
  </testcase>
  <testcase name="testMultiHopTraversal" classname="com.graphdb.GraphTraversalTest" time="0.154">
    <system-err><![CDATA[[main] INFO com.graphdb.GraphTraversalTest - Setting up test data...
[main] INFO com.graphdb.repository.GraphRepository - Database cleared
[main] INFO com.graphdb.repository.GraphRepository - Created team: Backend Team
[main] INFO com.graphdb.repository.GraphRepository - Created team: Frontend Team
[main] INFO com.graphdb.repository.GraphRepository - Created developer: Alice
[main] INFO com.graphdb.repository.GraphRepository - Created developer: Bob
[main] INFO com.graphdb.repository.GraphRepository - Created developer: Carol
[main] INFO com.graphdb.repository.GraphRepository - Created developer: Dave
[main] INFO com.graphdb.repository.GraphRepository - Created skill: Java
[main] INFO com.graphdb.repository.GraphRepository - Created skill: Python
[main] INFO com.graphdb.repository.GraphRepository - Created skill: React
[main] INFO com.graphdb.repository.GraphRepository - Created skill: Neo4j
[main] INFO com.graphdb.repository.GraphRepository - Created defect: Login API fails
[main] INFO com.graphdb.repository.GraphRepository - Created defect: Database connection timeout
[main] INFO com.graphdb.repository.GraphRepository - Created defect: UI button misaligned
[main] INFO com.graphdb.repository.GraphRepository - Created defect: Performance issue in query
[main] INFO com.graphdb.repository.GraphRepository - Created defect: Memory leak in service
[main] INFO com.graphdb.repository.GraphRepository - Assigned skill skill1 to developer dev1
[main] INFO com.graphdb.repository.GraphRepository - Assigned skill skill2 to developer dev1
[main] INFO com.graphdb.repository.GraphRepository - Assigned skill skill1 to developer dev2
[main] INFO com.graphdb.repository.GraphRepository - Assigned skill skill4 to developer dev2
[main] INFO com.graphdb.repository.GraphRepository - Assigned skill skill3 to developer dev3
[main] INFO com.graphdb.repository.GraphRepository - Assigned skill skill3 to developer dev4
[main] INFO com.graphdb.repository.GraphRepository - Assigned skill skill2 to developer dev4
[main] INFO com.graphdb.repository.GraphRepository - Assigned defect defect1 to developer dev1
[main] INFO com.graphdb.repository.GraphRepository - Assigned defect defect2 to developer dev1
[main] INFO com.graphdb.repository.GraphRepository - Assigned defect defect3 to developer dev3
[main] INFO com.graphdb.repository.GraphRepository - Assigned defect defect4 to developer dev1
[main] INFO com.graphdb.repository.GraphRepository - Assigned defect defect5 to developer dev2
[main] INFO com.graphdb.repository.GraphRepository - Assigned developer dev1 to team team1
[main] INFO com.graphdb.repository.GraphRepository - Assigned developer dev2 to team team1
[main] INFO com.graphdb.repository.GraphRepository - Assigned developer dev3 to team team2
[main] INFO com.graphdb.repository.GraphRepository - Assigned developer dev4 to team team2
[main] INFO com.graphdb.GraphTraversalTest - Test data setup complete
[main] INFO com.graphdb.GraphTraversalTest - Running test: Multi-hop traversal for defect skills
[main] INFO com.graphdb.repository.GraphRepository - Found 2 skills for defect defect1
[main] INFO com.graphdb.repository.GraphRepository - Found 2 skills for defect defect5
[main] INFO com.graphdb.GraphTraversalTest - Test passed: Multi-hop traversal found correct skills
[main] INFO com.graphdb.GraphTraversalTest - Cleaning up test data...
[main] INFO com.graphdb.repository.GraphRepository - Database cleared
]]></system-err>
  </testcase>
</testsuite>